[m[08/Mar/2015 22:24:46] "GET /index/ HTTP/1.1" 200 21999
[0m[36m[08/Mar/2015 22:24:46] "GET /static/css/style.css HTTP/1.1" 304 0
[0m[36m[08/Mar/2015 22:24:46] "GET /static/js/bootstrap.js HTTP/1.1" 304 0
[0m[36m[08/Mar/2015 22:24:46] "GET /static/css/font-awesome.min.css HTTP/1.1" 304 0
[0m[36m[08/Mar/2015 22:24:46] "GET /static/js/utils.js HTTP/1.1" 304 0
[0m[36m[08/Mar/2015 22:24:46] "GET /static/css/animate.min.css HTTP/1.1" 304 0
[0m[36m[08/Mar/2015 22:24:46] "GET /static/css/bootstrap.css HTTP/1.1" 304 0
[0m[36m[08/Mar/2015 22:24:46] "GET /static/css/bootstrap-table.css HTTP/1.1" 304 0
[0m[36m[08/Mar/2015 22:24:46] "GET /static/js/jquery.cookie.js HTTP/1.1" 304 0
[0m[36m[08/Mar/2015 22:24:46] "GET /static/js/wow.min.js HTTP/1.1" 304 0
[0m[36m[08/Mar/2015 22:24:46] "GET /static/js/bootstrap-table.js HTTP/1.1" 304 0
[0m[36m[08/Mar/2015 22:24:46] "GET /static/js/locale/bootstrap-table-zh-CN.js HTTP/1.1" 304 0
[0m[33m[08/Mar/2015 22:24:46] "GET /static/assets/img/logo_raw_white.png HTTP/1.1" 404 1691
[0m[33m[08/Mar/2015 22:24:46] "GET /static/assets/img/demo/m2.jpg HTTP/1.1" 404 1670
[0m[33m[08/Mar/2015 22:24:46] "GET /static/assets/img/demo/m11.jpg HTTP/1.1" 404 1673
[0m[33m[08/Mar/2015 22:24:46] "GET /static/assets/img/demo/wf3.jpg HTTP/1.1" 404 1673
[0m[33m[08/Mar/2015 22:24:46] "GET /static/assets/img/demo/m4.jpg HTTP/1.1" 404 1670
[0m[33m[08/Mar/2015 22:24:46] "GET /static/assets/img/demo/wf4.jpg HTTP/1.1" 404 1673
[0m[33m[08/Mar/2015 22:24:46] "GET /static/assets/img/demo/wf1.jpg HTTP/1.1" 404 1673
[0m[33m[08/Mar/2015 22:24:46] "GET /static/assets/img/demo/wf2.jpg HTTP/1.1" 404 1673
[0m[33m[08/Mar/2015 22:24:46] "GET /static/assets/img/logo_raw_white.png HTTP/1.1" 404 1691
[0m[33m[08/Mar/2015 22:24:46] "GET /static/assets/img/demo/m11.jpg HTTP/1.1" 404 1673
[0m[33m[08/Mar/2015 22:24:46] "GET /static/assets/img/demo/m2.jpg HTTP/1.1" 404 1670
[0m[33m[08/Mar/2015 22:24:47] "GET /static/assets/img/demo/m4.jpg HTTP/1.1" 404 1670
[0m[33m[08/Mar/2015 22:24:47] "GET /static/assets/img/demo/wf3.jpg HTTP/1.1" 404 1673
[0m[33m[08/Mar/2015 22:24:47] "GET /static/img/colors/blue/logo_big.png HTTP/1.1" 404 1688
[0m[36m[08/Mar/2015 22:24:47] "GET /static/img/back.jpg HTTP/1.1" 304 0
[0m[33m[08/Mar/2015 22:24:47] "GET /static/img/colors/blue/logo.png HTTP/1.1" 404 1676
[0m[32m[08/Mar/2015 22:24:51] "POST /accounts/login/?next=%2Findex%2F%3F HTTP/1.1" 302 0
[0m[m[08/Mar/2015 22:24:51] "GET /index/ HTTP/1.1" 200 21902
[0m[33m[08/Mar/2015 22:24:51] "GET /static/assets/img/logo_raw_white.png HTTP/1.1" 404 1691
[0m[33m[08/Mar/2015 22:24:51] "GET /static/assets/img/demo/m2.jpg HTTP/1.1" 404 1670
[0m[33m[08/Mar/2015 22:24:51] "GET /static/assets/img/demo/m4.jpg HTTP/1.1" 404 1670
[0m[33m[08/Mar/2015 22:24:51] "GET /static/assets/img/demo/m11.jpg HTTP/1.1" 404 1673
[0m[33m[08/Mar/2015 22:24:51] "GET /static/assets/img/demo/wf1.jpg HTTP/1.1" 404 1673
[0m[33m[08/Mar/2015 22:24:51] "GET /static/assets/img/demo/wf2.jpg HTTP/1.1" 404 1673
[0m[33m[08/Mar/2015 22:24:51] "GET /static/assets/img/demo/wf3.jpg HTTP/1.1" 404 1673
[0m[33m[08/Mar/2015 22:24:51] "GET /static/assets/img/demo/wf4.jpg HTTP/1.1" 404 1673
[0m[33m[08/Mar/2015 22:24:51] "GET /static/img/colors/blue/logo_big.png HTTP/1.1" 404 1688
[0m[33m[08/Mar/2015 22:24:51] "GET /static/img/colors/blue/logo.png HTTP/1.1" 404 1676
[0m[m[08/Mar/2015 22:24:56] "GET /products/ HTTP/1.1" 200 14216
[0m[33m[08/Mar/2015 22:24:57] "GET /static/assets/img/demo/m11.jpg HTTP/1.1" 404 1673
[0m[33m[08/Mar/2015 22:24:57] "GET /static/assets/img/demo/m2.jpg HTTP/1.1" 404 1670
[0m[33m[08/Mar/2015 22:24:57] "GET /static/assets/img/demo/wf1.jpg HTTP/1.1" 404 1673
[0m[33m[08/Mar/2015 22:24:57] "GET /static/assets/img/demo/wf2.jpg HTTP/1.1" 404 1673
[0m[33m[08/Mar/2015 22:24:57] "GET /static/assets/img/demo/m4.jpg HTTP/1.1" 404 1670
[0m[33m[08/Mar/2015 22:24:57] "GET /static/assets/img/demo/wf4.jpg HTTP/1.1" 404 1673
[0m[33m[08/Mar/2015 22:24:57] "GET /static/img/colors/blue/logo_big.png HTTP/1.1" 404 1688
[0m[33m[08/Mar/2015 22:24:57] "GET /static/assets/img/demo/wf3.jpg HTTP/1.1" 404 1673
[0m[33m[08/Mar/2015 22:24:57] "GET /static/img/colors/blue/logo.png HTTP/1.1" 404 1676
[0m[m[08/Mar/2015 22:24:59] "GET /products/1/ HTTP/1.1" 200 36686
[0m[33m[08/Mar/2015 22:24:59] "GET /static/assets/img/demo/pre.png HTTP/1.1" 404 1673
[0m[33m[08/Mar/2015 22:24:59] "GET /static/assets/img/demo/mac.png HTTP/1.1" 404 1673
[0m[33m[08/Mar/2015 22:24:59] "GET /static/assets/img/demo/macpro.png HTTP/1.1" 404 1682
[0m[33m[08/Mar/2015 22:24:59] "GET /static/assets/img/demo/ipad.png HTTP/1.1" 404 1676
[0m[33m[08/Mar/2015 22:24:59] "GET /static/assets/img/demo/iphone.png HTTP/1.1" 404 1682
[0m[33m[08/Mar/2015 22:25:00] "GET /static/assets/img/demo/m2.jpg HTTP/1.1" 404 1670
[0m[33m[08/Mar/2015 22:25:00] "GET /static/assets/img/demo/m4.jpg HTTP/1.1" 404 1670
[0m[33m[08/Mar/2015 22:25:00] "GET /static/assets/img/demo/wf1.jpg HTTP/1.1" 404 1673
[0m[33m[08/Mar/2015 22:25:00] "GET /static/assets/img/demo/m11.jpg HTTP/1.1" 404 1673
[0m[33m[08/Mar/2015 22:25:00] "GET /static/assets/img/demo/wf2.jpg HTTP/1.1" 404 1673
[0m[33m[08/Mar/2015 22:25:00] "GET /static/assets/img/demo/wf4.jpg HTTP/1.1" 404 1673
[0m[33m[08/Mar/2015 22:25:00] "GET /static/img/colors/blue/logo50.png HTTP/1.1" 404 1682
[0m[33m[08/Mar/2015 22:25:00] "GET /static/img/colors/blue/logo_big.png HTTP/1.1" 404 1688
[0m[33m[08/Mar/2015 22:25:00] "GET /static/assets/img/demo/wf3.jpg HTTP/1.1" 404 1673
[0m[33m[08/Mar/2015 22:25:00] "GET /static/img/colors/blue/logo.png HTTP/1.1" 404 1676
[0m[m[08/Mar/2015 22:25:07] "GET /accounts/lawyerlist/ HTTP/1.1" 200 25675
[0m[33m[08/Mar/2015 22:25:07] "GET /static/assets/img/demo/microsoft.png HTTP/1.1" 404 1691
[0m[33m[08/Mar/2015 22:25:07] "GET /static/assets/img/demo/nokia.png HTTP/1.1" 404 1679
[0m[33m[08/Mar/2015 22:25:08] "GET /static/assets/img/demo/anz.png HTTP/1.1" 404 1673
[0m[33m[08/Mar/2015 22:25:08] "GET /static/assets/img/demo/maxis.png HTTP/1.1" 404 1679
[0m[33m[08/Mar/2015 22:25:08] "GET /static/assets/img/demo/intel.png HTTP/1.1" 404 1679
[0m[33m[08/Mar/2015 22:25:08] "GET /static/assets/img/demo/samsung.png HTTP/1.1" 404 1685
[0m[33m[08/Mar/2015 22:25:08] "GET /static/assets/img/demo/sony.png HTTP/1.1" 404 1676
[0m[33m[08/Mar/2015 22:25:08] "GET /static/assets/img/demo/hp.png HTTP/1.1" 404 1670
[0m[33m[08/Mar/2015 22:25:08] "GET /static/assets/img/demo/m2.jpg HTTP/1.1" 404 1670
[0m[33m[08/Mar/2015 22:25:08] "GET /static/assets/img/demo/m11.jpg HTTP/1.1" 404 1673
[0m[33m[08/Mar/2015 22:25:08] "GET /static/assets/img/demo/m4.jpg HTTP/1.1" 404 1670
[0m[33m[08/Mar/2015 22:25:08] "GET /static/assets/img/demo/wf1.jpg HTTP/1.1" 404 1673
[0m[33m[08/Mar/2015 22:25:08] "GET /static/assets/img/demo/wf2.jpg HTTP/1.1" 404 1673
[0m[33m[08/Mar/2015 22:25:08] "GET /accounts/img/t2.jpg HTTP/1.1" 404 5958
[0m[33m[08/Mar/2015 22:25:08] "GET /static/assets/img/demo/wf4.jpg HTTP/1.1" 404 1673
[0m[33m[08/Mar/2015 22:25:08] "GET /static/assets/img/demo/wf3.jpg HTTP/1.1" 404 1673
[0m[33m[08/Mar/2015 22:25:08] "GET /static/img/colors/blue/logo_big.png HTTP/1.1" 404 1688
[0m[33m[08/Mar/2015 22:25:08] "GET /static/img/colors/blue/logo.png HTTP/1.1" 404 1676
[0m[m[08/Mar/2015 22:25:11] "GET /blogs/1/ HTTP/1.1" 200 39015
[0m[33m[08/Mar/2015 22:25:12] "GET /static/assets/img/demo/7.jpg HTTP/1.1" 404 1667
[0m[33m[08/Mar/2015 22:25:12] "GET /static/assets/img/demo/m2.jpg HTTP/1.1" 404 1670
[0m[33m[08/Mar/2015 22:25:12] "GET /static/assets/img/demo/m4.jpg HTTP/1.1" 404 1670
[0m[36m[08/Mar/2015 22:25:12] "GET /static/js/blogs-common.js HTTP/1.1" 304 0
[0m[33m[08/Mar/2015 22:25:12] "GET /static/assets/img/demo/wf1.jpg HTTP/1.1" 404 1673
[0m[33m[08/Mar/2015 22:25:12] "GET /static/assets/img/demo/m11.jpg HTTP/1.1" 404 1673
[0m[33m[08/Mar/2015 22:25:12] "GET /static/assets/img/demo/wf2.jpg HTTP/1.1" 404 1673
[0m[33m[08/Mar/2015 22:25:12] "GET /static/img/colors/blue/logo_big.png HTTP/1.1" 404 1688
[0m[33m[08/Mar/2015 22:25:12] "GET /static/assets/img/demo/wf3.jpg HTTP/1.1" 404 1673
[0m[33m[08/Mar/2015 22:25:12] "GET /static/img/colors/blue/logo.png HTTP/1.1" 404 1676
[0m[33m[08/Mar/2015 22:25:12] "GET /static/assets/img/demo/wf4.jpg HTTP/1.1" 404 1673
[0m[m[08/Mar/2015 22:25:12] "GET /blogs/1/categories.mod?e=None HTTP/1.1" 200 405
[0m[m[08/Mar/2015 22:25:12] "GET /blogs/1/archives.mod HTTP/1.1" 200 187
[0m[m[08/Mar/2015 22:25:12] "GET /blogs/1/tags.mod HTTP/1.1" 200 52
[0m[m[08/Mar/2015 22:25:12] "GET /blogs/1/favourites.mod HTTP/1.1" 200 3644
[0m[m[08/Mar/2015 22:25:12] "GET /blogs/1/recent_comments.mod HTTP/1.1" 200 1464
[0m[33m[08/Mar/2015 22:25:13] "GET /static/assets/img/demo/client.jpg HTTP/1.1" 404 1682
[0m[33m[08/Mar/2015 22:25:13] "GET /static/assets/img/demo/m2.jpg HTTP/1.1" 404 1670
[0m[m[08/Mar/2015 22:25:14] "GET /smartcontract/test/ HTTP/1.1" 200 22842
[0m[33m[08/Mar/2015 22:25:14] "GET /static/assets/img/demo/wf1.jpg HTTP/1.1" 404 1673
[0m[33m[08/Mar/2015 22:25:14] "GET /static/assets/img/demo/wf2.jpg HTTP/1.1" 404 1673
[0m[33m[08/Mar/2015 22:25:14] "GET /static/assets/img/demo/m11.jpg HTTP/1.1" 404 1673
[0m[33m[08/Mar/2015 22:25:14] "GET /static/assets/img/demo/m2.jpg HTTP/1.1" 404 1670
[0m[33m[08/Mar/2015 22:25:14] "GET /static/assets/img/demo/m4.jpg HTTP/1.1" 404 1670
[0m[33m[08/Mar/2015 22:25:14] "GET /static/assets/img/demo/wf3.jpg HTTP/1.1" 404 1673
[0m[33m[08/Mar/2015 22:25:14] "GET /static/assets/img/demo/wf4.jpg HTTP/1.1" 404 1673
[0m[33m[08/Mar/2015 22:25:14] "GET /static/img/colors/blue/logo_big.png HTTP/1.1" 404 1688
[0m[33m[08/Mar/2015 22:25:14] "GET /static/img/colors/blue/logo.png HTTP/1.1" 404 1676
[0m[m[08/Mar/2015 22:25:16] "GET /accounts/lawyerlist/ HTTP/1.1" 200 25675
[0m[33m[08/Mar/2015 22:25:17] "GET /static/assets/img/demo/intel.png HTTP/1.1" 404 1679
[0m[33m[08/Mar/2015 22:25:17] "GET /static/assets/img/demo/microsoft.png HTTP/1.1" 404 1691
[0m[33m[08/Mar/2015 22:25:17] "GET /static/assets/img/demo/samsung.png HTTP/1.1" 404 1685
[0m[33m[08/Mar/2015 22:25:17] "GET /static/assets/img/demo/nokia.png HTTP/1.1" 404 1679
[0m[33m[08/Mar/2015 22:25:17] "GET /static/assets/img/demo/anz.png HTTP/1.1" 404 1673
[0m[33m[08/Mar/2015 22:25:17] "GET /static/assets/img/demo/sony.png HTTP/1.1" 404 1676
[0m[33m[08/Mar/2015 22:25:17] "GET /static/assets/img/demo/maxis.png HTTP/1.1" 404 1679
[0m[33m[08/Mar/2015 22:25:17] "GET /static/assets/img/demo/hp.png HTTP/1.1" 404 1670
[0m[33m[08/Mar/2015 22:25:17] "GET /static/assets/img/demo/m11.jpg HTTP/1.1" 404 1673
[0m[33m[08/Mar/2015 22:25:17] "GET /static/assets/img/demo/m2.jpg HTTP/1.1" 404 1670
[0m[33m[08/Mar/2015 22:25:17] "GET /static/assets/img/demo/m4.jpg HTTP/1.1" 404 1670
[0m[33m[08/Mar/2015 22:25:17] "GET /static/assets/img/demo/wf1.jpg HTTP/1.1" 404 1673
[0m[33m[08/Mar/2015 22:25:17] "GET /static/assets/img/demo/wf3.jpg HTTP/1.1" 404 1673
[0m[33m[08/Mar/2015 22:25:17] "GET /static/assets/img/demo/wf2.jpg HTTP/1.1" 404 1673
[0m[33m[08/Mar/2015 22:25:17] "GET /static/img/colors/blue/logo_big.png HTTP/1.1" 404 1688
[0m[33m[08/Mar/2015 22:25:17] "GET /static/assets/img/demo/wf4.jpg HTTP/1.1" 404 1673
[0m[33m[08/Mar/2015 22:25:17] "GET /accounts/img/t2.jpg HTTP/1.1" 404 5958
[0m[33m[08/Mar/2015 22:25:17] "GET /static/img/colors/blue/logo.png HTTP/1.1" 404 1676
[0m[m[08/Mar/2015 22:25:22] "GET /blogs/1/ HTTP/1.1" 200 39015
[0m[33m[08/Mar/2015 22:25:22] "GET /static/assets/img/demo/7.jpg HTTP/1.1" 404 1667
[0m[33m[08/Mar/2015 22:25:22] "GET /static/assets/img/demo/m4.jpg HTTP/1.1" 404 1670
[0m[33m[08/Mar/2015 22:25:22] "GET /static/assets/img/demo/m11.jpg HTTP/1.1" 404 1673
[0m[33m[08/Mar/2015 22:25:22] "GET /static/assets/img/demo/wf2.jpg HTTP/1.1" 404 1673
[0m[33m[08/Mar/2015 22:25:22] "GET /static/assets/img/demo/wf4.jpg HTTP/1.1" 404 1673
[0m[33m[08/Mar/2015 22:25:22] "GET /static/assets/img/demo/wf1.jpg HTTP/1.1" 404 1673
[0m[33m[08/Mar/2015 22:25:22] "GET /static/assets/img/demo/m2.jpg HTTP/1.1" 404 1670
[0m[33m[08/Mar/2015 22:25:22] "GET /static/assets/img/demo/wf3.jpg HTTP/1.1" 404 1673
[0m[33m[08/Mar/2015 22:25:22] "GET /static/img/colors/blue/logo.png HTTP/1.1" 404 1676
[0m[33m[08/Mar/2015 22:25:22] "GET /static/img/colors/blue/logo_big.png HTTP/1.1" 404 1688
[0m[m[08/Mar/2015 22:25:22] "GET /blogs/1/archives.mod HTTP/1.1" 200 187
[0m[m[08/Mar/2015 22:25:22] "GET /blogs/1/tags.mod HTTP/1.1" 200 52
[0m[m[08/Mar/2015 22:25:22] "GET /blogs/1/categories.mod?e=None HTTP/1.1" 200 405
[0m[m[08/Mar/2015 22:25:22] "GET /blogs/1/favourites.mod HTTP/1.1" 200 3644
[0m[m[08/Mar/2015 22:25:22] "GET /blogs/1/recent_comments.mod HTTP/1.1" 200 1464
[0m[33m[08/Mar/2015 22:25:23] "GET /static/assets/img/demo/m2.jpg HTTP/1.1" 404 1670
[0m[33m[08/Mar/2015 22:25:23] "GET /static/assets/img/demo/client.jpg HTTP/1.1" 404 1682
[0m[m[08/Mar/2015 22:25:26] "GET /blogs/text.23/ HTTP/1.1" 200 19657
[0m[33m[08/Mar/2015 22:25:27] "GET /static/assets/img/demo/m4.jpg HTTP/1.1" 404 1670
[0m[33m[08/Mar/2015 22:25:27] "GET /static/assets/img/demo/m11.jpg HTTP/1.1" 404 1673
[0m[33m[08/Mar/2015 22:25:27] "GET /static/assets/img/demo/m2.jpg HTTP/1.1" 404 1670
[0m[33m[08/Mar/2015 22:25:27] "GET /static/assets/img/demo/wf2.jpg HTTP/1.1" 404 1673
[0m[33m[08/Mar/2015 22:25:27] "GET /static/assets/img/demo/wf3.jpg HTTP/1.1" 404 1673
[0m[33m[08/Mar/2015 22:25:27] "GET /static/assets/img/demo/wf4.jpg HTTP/1.1" 404 1673
[0m[33m[08/Mar/2015 22:25:27] "GET /static/assets/img/demo/wf1.jpg HTTP/1.1" 404 1673
[0m[33m[08/Mar/2015 22:25:27] "GET /static/img/colors/blue/logo_big.png HTTP/1.1" 404 1688
[0m[33m[08/Mar/2015 22:25:27] "GET /static/img/colors/blue/logo.png HTTP/1.1" 404 1676
[0m[m[08/Mar/2015 22:25:27] "GET /blogs/1/categories.mod?e=None HTTP/1.1" 200 405
[0m[m[08/Mar/2015 22:25:27] "GET /blogs/1/tags.mod HTTP/1.1" 200 52
[0m[m[08/Mar/2015 22:25:27] "GET /blogs/1/archives.mod HTTP/1.1" 200 187
[0m[m[08/Mar/2015 22:25:27] "GET /blogs/1/favourites.mod HTTP/1.1" 200 3644
[0m[m[08/Mar/2015 22:25:27] "GET /blogs/1/recent_comments.mod HTTP/1.1" 200 1464
[0m[33m[08/Mar/2015 22:25:28] "GET /static/assets/img/demo/m2.jpg HTTP/1.1" 404 1670
[0m[33m[08/Mar/2015 22:25:28] "GET /static/assets/img/demo/client.jpg HTTP/1.1" 404 1682
[0m[m[08/Mar/2015 22:25:36] "GET /blogs/category.5/ HTTP/1.1" 200 19263
[0m[33m[08/Mar/2015 22:25:36] "GET /static/assets/img/demo/wf1.jpg HTTP/1.1" 404 1673
[0m[33m[08/Mar/2015 22:25:36] "GET /static/assets/img/demo/m4.jpg HTTP/1.1" 404 1670
[0m[33m[08/Mar/2015 22:25:36] "GET /static/assets/img/demo/m2.jpg HTTP/1.1" 404 1670
[0m[33m[08/Mar/2015 22:25:36] "GET /static/assets/img/demo/m11.jpg HTTP/1.1" 404 1673
[0m[33m[08/Mar/2015 22:25:36] "GET /static/assets/img/demo/wf2.jpg HTTP/1.1" 404 1673
[0m[33m[08/Mar/2015 22:25:36] "GET /static/assets/img/demo/wf3.jpg HTTP/1.1" 404 1673
[0m[33m[08/Mar/2015 22:25:36] "GET /static/img/colors/blue/logo.png HTTP/1.1" 404 1676
[0m[33m[08/Mar/2015 22:25:36] "GET /static/assets/img/demo/wf4.jpg HTTP/1.1" 404 1673
[0m[33m[08/Mar/2015 22:25:36] "GET /static/img/colors/blue/logo_big.png HTTP/1.1" 404 1688
[0m[m[08/Mar/2015 22:25:37] "GET /blogs/1/archives.mod HTTP/1.1" 200 187
[0m[m[08/Mar/2015 22:25:37] "GET /blogs/1/categories.mod?e=None HTTP/1.1" 200 405
[0m[m[08/Mar/2015 22:25:37] "GET /blogs/1/tags.mod HTTP/1.1" 200 52
[0m[m[08/Mar/2015 22:25:37] "GET /blogs/1/favourites.mod HTTP/1.1" 200 3644
[0m[m[08/Mar/2015 22:25:37] "GET /blogs/1/recent_comments.mod HTTP/1.1" 200 1464
[0m[33m[08/Mar/2015 22:25:37] "GET /static/assets/img/demo/m2.jpg HTTP/1.1" 404 1670
[0m[33m[08/Mar/2015 22:25:37] "GET /static/assets/img/demo/client.jpg HTTP/1.1" 404 1682
[0m[m[08/Mar/2015 22:25:40] "GET /blogs/1/tag.test/ HTTP/1.1" 200 19428
[0m[33m[08/Mar/2015 22:25:40] "GET /static/assets/img/demo/wf1.jpg HTTP/1.1" 404 1673
[0m[33m[08/Mar/2015 22:25:40] "GET /static/assets/img/demo/m2.jpg HTTP/1.1" 404 1670
[0m[33m[08/Mar/2015 22:25:40] "GET /static/assets/img/demo/m4.jpg HTTP/1.1" 404 1670
[0m[33m[08/Mar/2015 22:25:40] "GET /static/assets/img/demo/m11.jpg HTTP/1.1" 404 1673
[0m[33m[08/Mar/2015 22:25:40] "GET /static/assets/img/demo/wf3.jpg HTTP/1.1" 404 1673
[0m[33m[08/Mar/2015 22:25:41] "GET /static/assets/img/demo/wf2.jpg HTTP/1.1" 404 1673
[0m[33m[08/Mar/2015 22:25:41] "GET /static/img/colors/blue/logo_big.png HTTP/1.1" 404 1688
[0m[33m[08/Mar/2015 22:25:41] "GET /static/assets/img/demo/wf4.jpg HTTP/1.1" 404 1673
[0m[33m[08/Mar/2015 22:25:41] "GET /static/img/colors/blue/logo.png HTTP/1.1" 404 1676
[0m[m[08/Mar/2015 22:25:41] "GET /blogs/1/categories.mod?e= HTTP/1.1" 200 405
[0m[m[08/Mar/2015 22:25:41] "GET /blogs/1/tags.mod HTTP/1.1" 200 52
[0m[m[08/Mar/2015 22:25:41] "GET /blogs/1/favourites.mod HTTP/1.1" 200 3644
[0m[m[08/Mar/2015 22:25:41] "GET /blogs/1/archives.mod HTTP/1.1" 200 187
[0m[m[08/Mar/2015 22:25:41] "GET /blogs/1/recent_comments.mod HTTP/1.1" 200 1464
[0m[33m[08/Mar/2015 22:25:41] "GET /static/assets/img/demo/m2.jpg HTTP/1.1" 404 1670
[0m[33m[08/Mar/2015 22:25:41] "GET /static/assets/img/demo/client.jpg HTTP/1.1" 404 1682
[0m[33m[08/Mar/2015 22:25:41] "GET /blogs/favicon.ico HTTP/1.1" 404 7351
[0m[m[08/Mar/2015 22:25:44] "GET /blogs/text.19/ HTTP/1.1" 200 19578
[0m[33m[08/Mar/2015 22:25:44] "GET /static/assets/img/demo/m11.jpg HTTP/1.1" 404 1673
[0m[33m[08/Mar/2015 22:25:44] "GET /static/assets/img/demo/m2.jpg HTTP/1.1" 404 1670
[0m[33m[08/Mar/2015 22:25:44] "GET /static/assets/img/demo/m4.jpg HTTP/1.1" 404 1670
[0m[33m[08/Mar/2015 22:25:44] "GET /static/assets/img/demo/wf1.jpg HTTP/1.1" 404 1673
[0m[33m[08/Mar/2015 22:25:44] "GET /static/assets/img/demo/wf2.jpg HTTP/1.1" 404 1673
[0m[33m[08/Mar/2015 22:25:44] "GET /static/assets/img/demo/wf3.jpg HTTP/1.1" 404 1673
[0m[33m[08/Mar/2015 22:25:44] "GET /static/assets/img/demo/wf4.jpg HTTP/1.1" 404 1673
[0m[33m[08/Mar/2015 22:25:44] "GET /static/img/colors/blue/logo_big.png HTTP/1.1" 404 1688
[0m[33m[08/Mar/2015 22:25:44] "GET /static/img/colors/blue/logo.png HTTP/1.1" 404 1676
[0m[m[08/Mar/2015 22:25:44] "GET /blogs/1/categories.mod?e=None HTTP/1.1" 200 405
[0m[m[08/Mar/2015 22:25:44] "GET /blogs/1/archives.mod HTTP/1.1" 200 187
[0m[m[08/Mar/2015 22:25:44] "GET /blogs/1/tags.mod HTTP/1.1" 200 52
[0m[m[08/Mar/2015 22:25:44] "GET /blogs/1/favourites.mod HTTP/1.1" 200 3644
[0m[m[08/Mar/2015 22:25:44] "GET /blogs/1/recent_comments.mod HTTP/1.1" 200 1464
[0m[33m[08/Mar/2015 22:25:45] "GET /static/assets/img/demo/m2.jpg HTTP/1.1" 404 1670
[0m[33m[08/Mar/2015 22:25:45] "GET /static/assets/img/demo/client.jpg HTTP/1.1" 404 1682
[0m[m[08/Mar/2015 22:25:51] "GET /accounts/usercenter/ HTTP/1.1" 200 16253
[0m[36m[08/Mar/2015 22:25:51] "GET /static/img/sample/user.jpg HTTP/1.1" 304 0
[0m[33m[08/Mar/2015 22:25:51] "GET /static/assets/img/demo/m4.jpg HTTP/1.1" 404 1670
[0m[33m[08/Mar/2015 22:25:51] "GET /static/assets/img/demo/m2.jpg HTTP/1.1" 404 1670
[0m[33m[08/Mar/2015 22:25:51] "GET /static/assets/img/demo/m11.jpg HTTP/1.1" 404 1673
[0m[33m[08/Mar/2015 22:25:51] "GET /static/assets/img/demo/wf1.jpg HTTP/1.1" 404 1673
[0m[33m[08/Mar/2015 22:25:51] "GET /static/assets/img/demo/wf2.jpg HTTP/1.1" 404 1673
[0m[33m[08/Mar/2015 22:25:51] "GET /static/assets/img/demo/wf3.jpg HTTP/1.1" 404 1673
[0m[33m[08/Mar/2015 22:25:51] "GET /static/assets/img/demo/wf4.jpg HTTP/1.1" 404 1673
[0m[33m[08/Mar/2015 22:25:51] "GET /static/img/colors/blue/logo.png HTTP/1.1" 404 1676
[0m[33m[08/Mar/2015 22:25:51] "GET /static/img/colors/blue/logo_big.png HTTP/1.1" 404 1688
[0m[m[08/Mar/2015 22:25:54] "GET /accounts/usercenter/balance/ HTTP/1.1" 200 19439
[0m[33m[08/Mar/2015 22:25:54] "GET /static/assets/img/demo/m11.jpg HTTP/1.1" 404 1673
[0m[33m[08/Mar/2015 22:25:54] "GET /static/assets/img/demo/wf1.jpg HTTP/1.1" 404 1673
[0m[33m[08/Mar/2015 22:25:54] "GET /static/assets/img/demo/m2.jpg HTTP/1.1" 404 1670
[0m[33m[08/Mar/2015 22:25:54] "GET /static/assets/img/demo/wf2.jpg HTTP/1.1" 404 1673
[0m[33m[08/Mar/2015 22:25:54] "GET /static/assets/img/demo/wf3.jpg HTTP/1.1" 404 1673
[0m[33m[08/Mar/2015 22:25:54] "GET /static/assets/img/demo/m4.jpg HTTP/1.1" 404 1670
[0m[33m[08/Mar/2015 22:25:54] "GET /static/assets/img/demo/wf4.jpg HTTP/1.1" 404 1673
[0m[33m[08/Mar/2015 22:25:54] "GET /static/img/colors/blue/logo_big.png HTTP/1.1" 404 1688
[0m[33m[08/Mar/2015 22:25:54] "GET /static/img/colors/blue/logo.png HTTP/1.1" 404 1676
[0m[33m[08/Mar/2015 22:25:55] "GET /accounts/favicon.ico HTTP/1.1" 404 5961
[0m[m[08/Mar/2015 22:25:56] "GET /accounts/usercenter/questions/ HTTP/1.1" 200 16998
[0m[33m[08/Mar/2015 22:25:56] "GET /static/assets/img/demo/m4.jpg HTTP/1.1" 404 1670
[0m[33m[08/Mar/2015 22:25:56] "GET /static/assets/img/demo/m11.jpg HTTP/1.1" 404 1673
[0m[33m[08/Mar/2015 22:25:56] "GET /static/assets/img/demo/m2.jpg HTTP/1.1" 404 1670
[0m[33m[08/Mar/2015 22:25:56] "GET /static/assets/img/demo/wf1.jpg HTTP/1.1" 404 1673
[0m[33m[08/Mar/2015 22:25:56] "GET /static/assets/img/demo/wf3.jpg HTTP/1.1" 404 1673
[0m[33m[08/Mar/2015 22:25:56] "GET /static/assets/img/demo/wf4.jpg HTTP/1.1" 404 1673
[0m[33m[08/Mar/2015 22:25:56] "GET /static/assets/img/demo/wf2.jpg HTTP/1.1" 404 1673
[0m[33m[08/Mar/2015 22:25:56] "GET /static/img/colors/blue/logo_big.png HTTP/1.1" 404 1688
[0m[33m[08/Mar/2015 22:25:56] "GET /static/img/colors/blue/logo.png HTTP/1.1" 404 1676
[0m[m[08/Mar/2015 22:26:00] "GET /accounts/questions/new/ HTTP/1.1" 200 17193
[0m[33m[08/Mar/2015 22:26:00] "GET /static/assets/img/demo/wf1.jpg HTTP/1.1" 404 1673
[0m[33m[08/Mar/2015 22:26:00] "GET /static/assets/img/demo/m11.jpg HTTP/1.1" 404 1673
[0m[33m[08/Mar/2015 22:26:00] "GET /static/assets/img/demo/m2.jpg HTTP/1.1" 404 1670
[0m[33m[08/Mar/2015 22:26:00] "GET /static/assets/img/demo/m4.jpg HTTP/1.1" 404 1670
[0m[33m[08/Mar/2015 22:26:00] "GET /static/assets/img/demo/wf2.jpg HTTP/1.1" 404 1673
[0m[33m[08/Mar/2015 22:26:00] "GET /static/assets/img/demo/wf4.jpg HTTP/1.1" 404 1673
[0m[33m[08/Mar/2015 22:26:00] "GET /static/assets/img/demo/wf3.jpg HTTP/1.1" 404 1673
[0m[33m[08/Mar/2015 22:26:00] "GET /static/img/colors/blue/logo.png HTTP/1.1" 404 1676
[0m[33m[08/Mar/2015 22:26:00] "GET /static/img/colors/blue/logo_big.png HTTP/1.1" 404 1688
[0m[m[08/Mar/2015 22:26:05] "GET /accounts/questions/9/ HTTP/1.1" 200 14066
[0m[33m[08/Mar/2015 22:26:05] "GET /static/assets/img/demo/m11.jpg HTTP/1.1" 404 1673
[0m[33m[08/Mar/2015 22:26:05] "GET /static/assets/img/demo/m2.jpg HTTP/1.1" 404 1670
[0m[33m[08/Mar/2015 22:26:05] "GET /static/assets/img/demo/m4.jpg HTTP/1.1" 404 1670
[0m[33m[08/Mar/2015 22:26:05] "GET /static/assets/img/demo/wf1.jpg HTTP/1.1" 404 1673
[0m[33m[08/Mar/2015 22:26:05] "GET /static/assets/img/demo/wf2.jpg HTTP/1.1" 404 1673
[0m[33m[08/Mar/2015 22:26:05] "GET /static/img/colors/blue/logo.png HTTP/1.1" 404 1676
[0m[33m[08/Mar/2015 22:26:05] "GET /static/img/colors/blue/logo_big.png HTTP/1.1" 404 1688
[0m[33m[08/Mar/2015 22:26:05] "GET /static/assets/img/demo/wf3.jpg HTTP/1.1" 404 1673
[0m[33m[08/Mar/2015 22:26:05] "GET /static/assets/img/demo/wf4.jpg HTTP/1.1" 404 1673
[0m[m[08/Mar/2015 22:26:10] "GET /accounts/usercenter/orders/ HTTP/1.1" 200 28271
[0m[33m[08/Mar/2015 22:26:10] "GET /static/assets/img/demo/m2.jpg HTTP/1.1" 404 1670
[0m[33m[08/Mar/2015 22:26:11] "GET /static/assets/img/demo/m4.jpg HTTP/1.1" 404 1670
[0m[33m[08/Mar/2015 22:26:11] "GET /static/assets/img/demo/wf2.jpg HTTP/1.1" 404 1673
[0m[33m[08/Mar/2015 22:26:11] "GET /static/assets/img/demo/wf1.jpg HTTP/1.1" 404 1673
[0m[33m[08/Mar/2015 22:26:11] "GET /static/assets/img/demo/m11.jpg HTTP/1.1" 404 1673
[0m[33m[08/Mar/2015 22:26:11] "GET /static/assets/img/demo/wf3.jpg HTTP/1.1" 404 1673
[0m[33m[08/Mar/2015 22:26:11] "GET /static/img/colors/blue/logo_big.png HTTP/1.1" 404 1688
[0m[33m[08/Mar/2015 22:26:11] "GET /static/img/colors/blue/logo.png HTTP/1.1" 404 1676
[0m[33m[08/Mar/2015 22:26:11] "GET /static/assets/img/demo/wf4.jpg HTTP/1.1" 404 1673
[0m[m[08/Mar/2015 22:26:13] "GET /accounts/usercenter/ HTTP/1.1" 200 16253
[0m[33m[08/Mar/2015 22:26:13] "GET /static/assets/img/demo/m4.jpg HTTP/1.1" 404 1670
[0m[33m[08/Mar/2015 22:26:13] "GET /static/assets/img/demo/m2.jpg HTTP/1.1" 404 1670
[0m[33m[08/Mar/2015 22:26:13] "GET /static/assets/img/demo/wf1.jpg HTTP/1.1" 404 1673
[0m[33m[08/Mar/2015 22:26:13] "GET /static/assets/img/demo/m11.jpg HTTP/1.1" 404 1673
[0m[33m[08/Mar/2015 22:26:13] "GET /static/assets/img/demo/wf3.jpg HTTP/1.1" 404 1673
[0m[33m[08/Mar/2015 22:26:13] "GET /static/assets/img/demo/wf2.jpg HTTP/1.1" 404 1673
[0m[33m[08/Mar/2015 22:26:13] "GET /static/img/colors/blue/logo_big.png HTTP/1.1" 404 1688
[0m[33m[08/Mar/2015 22:26:13] "GET /static/assets/img/demo/wf4.jpg HTTP/1.1" 404 1673
[0m[33m[08/Mar/2015 22:26:14] "GET /static/img/colors/blue/logo.png HTTP/1.1" 404 1676
[0m[m[08/Mar/2015 22:26:16] "GET /accounts/usercenter/ HTTP/1.1" 200 16253
[0m[33m[08/Mar/2015 22:26:17] "GET /static/assets/img/demo/m2.jpg HTTP/1.1" 404 1670
[0m[33m[08/Mar/2015 22:26:17] "GET /static/assets/img/demo/wf2.jpg HTTP/1.1" 404 1673
[0m[33m[08/Mar/2015 22:26:17] "GET /static/assets/img/demo/m4.jpg HTTP/1.1" 404 1670
[0m[33m[08/Mar/2015 22:26:17] "GET /static/assets/img/demo/m11.jpg HTTP/1.1" 404 1673
[0m[33m[08/Mar/2015 22:26:17] "GET /static/assets/img/demo/wf1.jpg HTTP/1.1" 404 1673
[0m[33m[08/Mar/2015 22:26:17] "GET /static/assets/img/demo/wf3.jpg HTTP/1.1" 404 1673
[0m[33m[08/Mar/2015 22:26:17] "GET /static/img/colors/blue/logo_big.png HTTP/1.1" 404 1688
[0m[33m[08/Mar/2015 22:26:17] "GET /static/assets/img/demo/wf4.jpg HTTP/1.1" 404 1673
[0m[33m[08/Mar/2015 22:26:17] "GET /static/img/colors/blue/logo.png HTTP/1.1" 404 1676
[0m[m[08/Mar/2015 22:26:19] "GET /accounts/usercenter/ HTTP/1.1" 200 16253
[0m[33m[08/Mar/2015 22:26:20] "GET /static/assets/img/demo/m4.jpg HTTP/1.1" 404 1670
[0m[33m[08/Mar/2015 22:26:20] "GET /static/assets/img/demo/m2.jpg HTTP/1.1" 404 1670
[0m[33m[08/Mar/2015 22:26:20] "GET /static/assets/img/demo/m11.jpg HTTP/1.1" 404 1673
[0m[33m[08/Mar/2015 22:26:20] "GET /static/assets/img/demo/wf1.jpg HTTP/1.1" 404 1673
[0m[33m[08/Mar/2015 22:26:20] "GET /static/assets/img/demo/wf3.jpg HTTP/1.1" 404 1673
[0m[33m[08/Mar/2015 22:26:20] "GET /static/assets/img/demo/wf2.jpg HTTP/1.1" 404 1673
[0m[33m[08/Mar/2015 22:26:20] "GET /static/assets/img/demo/wf4.jpg HTTP/1.1" 404 1673
[0m[33m[08/Mar/2015 22:26:20] "GET /static/img/colors/blue/logo_big.png HTTP/1.1" 404 1688
[0m[33m[08/Mar/2015 22:26:20] "GET /static/img/colors/blue/logo.png HTTP/1.1" 404 1676
[0m[32m[08/Mar/2015 22:26:21] "GET /accounts/logout/ HTTP/1.1" 302 0
[0m[m[08/Mar/2015 22:26:21] "GET /index/ HTTP/1.1" 200 21999
[0m[33m[08/Mar/2015 22:26:21] "GET /static/assets/img/demo/m4.jpg HTTP/1.1" 404 1670
[0m[33m[08/Mar/2015 22:26:21] "GET /static/assets/img/demo/m2.jpg HTTP/1.1" 404 1670
[0m[33m[08/Mar/2015 22:26:21] "GET /static/assets/img/logo_raw_white.png HTTP/1.1" 404 1691
[0m[33m[08/Mar/2015 22:26:21] "GET /static/assets/img/demo/m11.jpg HTTP/1.1" 404 1673
[0m[33m[08/Mar/2015 22:26:21] "GET /static/assets/img/demo/wf1.jpg HTTP/1.1" 404 1673
[0m[33m[08/Mar/2015 22:26:21] "GET /static/assets/img/demo/wf2.jpg HTTP/1.1" 404 1673
[0m[33m[08/Mar/2015 22:26:21] "GET /static/assets/img/demo/wf3.jpg HTTP/1.1" 404 1673
[0m[33m[08/Mar/2015 22:26:21] "GET /static/assets/img/demo/wf4.jpg HTTP/1.1" 404 1673
[0m[33m[08/Mar/2015 22:26:21] "GET /static/img/colors/blue/logo_big.png HTTP/1.1" 404 1688
[0m[33m[08/Mar/2015 22:26:21] "GET /static/img/colors/blue/logo.png HTTP/1.1" 404 1676
[0m[32m[08/Mar/2015 22:26:26] "POST /accounts/login/?next=%2Findex%2F%3F HTTP/1.1" 302 0
[0m[m[08/Mar/2015 22:26:26] "GET /index/ HTTP/1.1" 200 22014
[0m[33m[08/Mar/2015 22:26:26] "GET /static/assets/img/demo/m2.jpg HTTP/1.1" 404 1670
[0m[36m[08/Mar/2015 22:26:26] "GET /static/css/style_lawyer.css HTTP/1.1" 304 0
[0m[33m[08/Mar/2015 22:26:26] "GET /static/assets/img/logo_raw_white.png HTTP/1.1" 404 1691
[0m[33m[08/Mar/2015 22:26:26] "GET /static/assets/img/demo/m4.jpg HTTP/1.1" 404 1670
[0m[33m[08/Mar/2015 22:26:26] "GET /static/assets/img/demo/m11.jpg HTTP/1.1" 404 1673
[0m[33m[08/Mar/2015 22:26:26] "GET /static/assets/img/demo/wf1.jpg HTTP/1.1" 404 1673
[0m[33m[08/Mar/2015 22:26:26] "GET /static/assets/img/demo/wf2.jpg HTTP/1.1" 404 1673
[0m[33m[08/Mar/2015 22:26:26] "GET /static/assets/img/demo/wf4.jpg HTTP/1.1" 404 1673
[0m[33m[08/Mar/2015 22:26:26] "GET /static/assets/img/demo/wf3.jpg HTTP/1.1" 404 1673
[0m[33m[08/Mar/2015 22:26:26] "GET /static/assets/img/logo_raw_white.png HTTP/1.1" 404 1691
[0m[33m[08/Mar/2015 22:26:26] "GET /static/assets/img/demo/m11.jpg HTTP/1.1" 404 1673
[0m[33m[08/Mar/2015 22:26:26] "GET /static/assets/img/demo/m2.jpg HTTP/1.1" 404 1670
[0m[33m[08/Mar/2015 22:26:27] "GET /static/assets/img/demo/m4.jpg HTTP/1.1" 404 1670
[0m[33m[08/Mar/2015 22:26:27] "GET /static/assets/img/demo/wf1.jpg HTTP/1.1" 404 1673
[0m[33m[08/Mar/2015 22:26:27] "GET /static/assets/img/demo/wf2.jpg HTTP/1.1" 404 1673
[0m[33m[08/Mar/2015 22:26:27] "GET /static/img/colors/red/logo.png HTTP/1.1" 404 1673
[0m[33m[08/Mar/2015 22:26:27] "GET /static/assets/img/demo/wf3.jpg HTTP/1.1" 404 1673
[0m[33m[08/Mar/2015 22:26:27] "GET /static/img/colors/red/logo_big.png HTTP/1.1" 404 1685
[0m[33m[08/Mar/2015 22:26:27] "GET /static/assets/img/demo/wf4.jpg HTTP/1.1" 404 1673
[0m[m[08/Mar/2015 22:26:32] "GET /accounts/lawyerlist/ HTTP/1.1" 200 25787
[0m[33m[08/Mar/2015 22:26:32] "GET /static/assets/img/demo/nokia.png HTTP/1.1" 404 1679
[0m[33m[08/Mar/2015 22:26:32] "GET /static/assets/img/demo/samsung.png HTTP/1.1" 404 1685
[0m[33m[08/Mar/2015 22:26:32] "GET /static/assets/img/demo/intel.png HTTP/1.1" 404 1679
[0m[33m[08/Mar/2015 22:26:32] "GET /static/assets/img/demo/anz.png HTTP/1.1" 404 1673
[0m[33m[08/Mar/2015 22:26:32] "GET /static/assets/img/demo/microsoft.png HTTP/1.1" 404 1691
[0m[33m[08/Mar/2015 22:26:32] "GET /static/assets/img/demo/maxis.png HTTP/1.1" 404 1679
[0m[33m[08/Mar/2015 22:26:32] "GET /static/assets/img/demo/sony.png HTTP/1.1" 404 1676
[0m[33m[08/Mar/2015 22:26:32] "GET /static/assets/img/demo/hp.png HTTP/1.1" 404 1670
[0m[33m[08/Mar/2015 22:26:32] "GET /static/assets/img/demo/m2.jpg HTTP/1.1" 404 1670
[0m[33m[08/Mar/2015 22:26:32] "GET /static/assets/img/demo/m11.jpg HTTP/1.1" 404 1673
[0m[33m[08/Mar/2015 22:26:32] "GET /static/img/colors/red/logo_big.png HTTP/1.1" 404 1685
[0m[33m[08/Mar/2015 22:26:32] "GET /static/assets/img/demo/wf1.jpg HTTP/1.1" 404 1673
[0m[33m[08/Mar/2015 22:26:32] "GET /static/assets/img/demo/m4.jpg HTTP/1.1" 404 1670
[0m[33m[08/Mar/2015 22:26:32] "GET /static/assets/img/demo/wf2.jpg HTTP/1.1" 404 1673
[0m[33m[08/Mar/2015 22:26:32] "GET /static/assets/img/demo/wf3.jpg HTTP/1.1" 404 1673
[0m[33m[08/Mar/2015 22:26:32] "GET /static/assets/img/demo/wf4.jpg HTTP/1.1" 404 1673
[0m[33m[08/Mar/2015 22:26:32] "GET /accounts/img/t2.jpg HTTP/1.1" 404 5958
[0m[33m[08/Mar/2015 22:26:32] "GET /static/img/colors/red/logo.png HTTP/1.1" 404 1673
[0m[32m[08/Mar/2015 22:26:35] "GET /blogs/home/ HTTP/1.1" 302 0
[0m[m[08/Mar/2015 22:26:35] "GET /blogs/1/ HTTP/1.1" 200 43446
[0m[33m[08/Mar/2015 22:26:35] "GET /static/assets/img/demo/7.jpg HTTP/1.1" 404 1667
[0m[33m[08/Mar/2015 22:26:35] "GET /static/assets/img/demo/m11.jpg HTTP/1.1" 404 1673
[0m[33m[08/Mar/2015 22:26:35] "GET /static/assets/img/demo/m2.jpg HTTP/1.1" 404 1670
[0m[33m[08/Mar/2015 22:26:35] "GET /static/assets/img/demo/wf2.jpg HTTP/1.1" 404 1673
[0m[33m[08/Mar/2015 22:26:35] "GET /static/assets/img/demo/wf1.jpg HTTP/1.1" 404 1673
[0m[33m[08/Mar/2015 22:26:35] "GET /static/assets/img/demo/m4.jpg HTTP/1.1" 404 1670
[0m[33m[08/Mar/2015 22:26:35] "GET /static/assets/img/demo/wf3.jpg HTTP/1.1" 404 1673
[0m[33m[08/Mar/2015 22:26:35] "GET /static/img/colors/red/logo.png HTTP/1.1" 404 1673
[0m[33m[08/Mar/2015 22:26:35] "GET /static/img/colors/red/logo_big.png HTTP/1.1" 404 1685
[0m[33m[08/Mar/2015 22:26:35] "GET /static/assets/img/demo/wf4.jpg HTTP/1.1" 404 1673
[0m[m[08/Mar/2015 22:26:35] "GET /blogs/1/categories.mod?e=True HTTP/1.1" 200 5943
[0m[m[08/Mar/2015 22:26:35] "GET /blogs/1/archives.mod HTTP/1.1" 200 187
[0m[m[08/Mar/2015 22:26:35] "GET /blogs/1/tags.mod HTTP/1.1" 200 52
[0m[m[08/Mar/2015 22:26:35] "GET /blogs/1/favourites.mod HTTP/1.1" 200 3644
[0m[m[08/Mar/2015 22:26:36] "GET /blogs/1/recent_comments.mod HTTP/1.1" 200 1464
[0m[33m[08/Mar/2015 22:26:36] "GET /static/assets/img/demo/m2.jpg HTTP/1.1" 404 1670
[0m[33m[08/Mar/2015 22:26:36] "GET /static/assets/img/demo/client.jpg HTTP/1.1" 404 1682
[0m[m[08/Mar/2015 22:26:40] "GET /accounts/usercenter/ HTTP/1.1" 200 16689
[0m[33m[08/Mar/2015 22:26:40] "GET /static/assets/img/demo/m2.jpg HTTP/1.1" 404 1670
[0m[33m[08/Mar/2015 22:26:40] "GET /static/assets/img/demo/m11.jpg HTTP/1.1" 404 1673
[0m[33m[08/Mar/2015 22:26:40] "GET /static/assets/img/demo/wf1.jpg HTTP/1.1" 404 1673
[0m[33m[08/Mar/2015 22:26:40] "GET /static/assets/img/demo/wf2.jpg HTTP/1.1" 404 1673
[0m[33m[08/Mar/2015 22:26:40] "GET /static/assets/img/demo/m4.jpg HTTP/1.1" 404 1670
[0m[33m[08/Mar/2015 22:26:40] "GET /static/assets/img/demo/wf3.jpg HTTP/1.1" 404 1673
[0m[33m[08/Mar/2015 22:26:40] "GET /static/img/colors/red/logo_big.png HTTP/1.1" 404 1685
[0m[33m[08/Mar/2015 22:26:40] "GET /static/assets/img/demo/wf4.jpg HTTP/1.1" 404 1673
[0m[33m[08/Mar/2015 22:26:40] "GET /static/img/colors/red/logo.png HTTP/1.1" 404 1673
[0m[m[08/Mar/2015 22:26:43] "GET /accounts/usercenter/profile/ HTTP/1.1" 200 23305
[0m[33m[08/Mar/2015 22:26:43] "GET /static/assets/img/demo/m11.jpg HTTP/1.1" 404 1673
[0m[33m[08/Mar/2015 22:26:43] "GET /static/assets/img/demo/m2.jpg HTTP/1.1" 404 1670
[0m[33m[08/Mar/2015 22:26:43] "GET /static/assets/img/demo/m4.jpg HTTP/1.1" 404 1670
[0m[33m[08/Mar/2015 22:26:43] "GET /static/assets/img/demo/wf1.jpg HTTP/1.1" 404 1673
[0m[33m[08/Mar/2015 22:26:43] "GET /static/assets/img/demo/wf2.jpg HTTP/1.1" 404 1673
[0m[33m[08/Mar/2015 22:26:43] "GET /static/img/colors/red/logo_big.png HTTP/1.1" 404 1685
[0m[33m[08/Mar/2015 22:26:43] "GET /static/assets/img/demo/wf4.jpg HTTP/1.1" 404 1673
[0m[33m[08/Mar/2015 22:26:43] "GET /static/assets/img/demo/wf3.jpg HTTP/1.1" 404 1673
[0m[33m[08/Mar/2015 22:26:43] "GET /static/img/colors/red/logo.png HTTP/1.1" 404 1673
[0m[m[08/Mar/2015 22:26:47] "GET /accounts/usercenter/orders/ HTTP/1.1" 200 28707
[0m[33m[08/Mar/2015 22:26:48] "GET /static/assets/img/demo/m4.jpg HTTP/1.1" 404 1670
[0m[33m[08/Mar/2015 22:26:48] "GET /static/assets/img/demo/m11.jpg HTTP/1.1" 404 1673
[0m[33m[08/Mar/2015 22:26:48] "GET /static/assets/img/demo/wf1.jpg HTTP/1.1" 404 1673
[0m[33m[08/Mar/2015 22:26:48] "GET /static/assets/img/demo/m2.jpg HTTP/1.1" 404 1670
[0m[33m[08/Mar/2015 22:26:48] "GET /static/assets/img/demo/wf3.jpg HTTP/1.1" 404 1673
[0m[33m[08/Mar/2015 22:26:48] "GET /static/assets/img/demo/wf2.jpg HTTP/1.1" 404 1673
[0m[33m[08/Mar/2015 22:26:48] "GET /static/img/colors/red/logo.png HTTP/1.1" 404 1673
[0m[33m[08/Mar/2015 22:26:48] "GET /static/img/colors/red/logo_big.png HTTP/1.1" 404 1685
[0m[33m[08/Mar/2015 22:26:48] "GET /static/assets/img/demo/wf4.jpg HTTP/1.1" 404 1673
[0m[m[08/Mar/2015 22:26:51] "GET /accounts/usercenter/questions/ HTTP/1.1" 200 17431
[0m[33m[08/Mar/2015 22:26:51] "GET /static/assets/img/demo/m2.jpg HTTP/1.1" 404 1670
[0m[33m[08/Mar/2015 22:26:51] "GET /static/assets/img/demo/m11.jpg HTTP/1.1" 404 1673
[0m[33m[08/Mar/2015 22:26:51] "GET /static/assets/img/demo/m4.jpg HTTP/1.1" 404 1670
[0m[33m[08/Mar/2015 22:26:51] "GET /static/assets/img/demo/wf1.jpg HTTP/1.1" 404 1673
[0m[33m[08/Mar/2015 22:26:51] "GET /static/assets/img/demo/wf3.jpg HTTP/1.1" 404 1673
[0m[33m[08/Mar/2015 22:26:51] "GET /static/assets/img/demo/wf2.jpg HTTP/1.1" 404 1673
[0m[33m[08/Mar/2015 22:26:51] "GET /static/assets/img/demo/wf4.jpg HTTP/1.1" 404 1673
[0m[33m[08/Mar/2015 22:26:51] "GET /static/img/colors/red/logo.png HTTP/1.1" 404 1673
[0m[33m[08/Mar/2015 22:26:51] "GET /static/img/colors/red/logo_big.png HTTP/1.1" 404 1685
[0m[m[08/Mar/2015 22:26:54] "GET /accounts/questions/1/ HTTP/1.1" 200 14042
[0m[33m[08/Mar/2015 22:26:54] "GET /static/assets/img/demo/m2.jpg HTTP/1.1" 404 1670
[0m[33m[08/Mar/2015 22:26:54] "GET /static/assets/img/demo/m11.jpg HTTP/1.1" 404 1673
[0m[33m[08/Mar/2015 22:26:54] "GET /static/assets/img/demo/wf1.jpg HTTP/1.1" 404 1673
[0m[33m[08/Mar/2015 22:26:54] "GET /static/assets/img/demo/m4.jpg HTTP/1.1" 404 1670
[0m[33m[08/Mar/2015 22:26:54] "GET /static/assets/img/demo/wf4.jpg HTTP/1.1" 404 1673
[0m[33m[08/Mar/2015 22:26:54] "GET /static/assets/img/demo/wf3.jpg HTTP/1.1" 404 1673
[0m[33m[08/Mar/2015 22:26:54] "GET /static/img/colors/red/logo_big.png HTTP/1.1" 404 1685
[0m[33m[08/Mar/2015 22:26:55] "GET /static/img/colors/red/logo.png HTTP/1.1" 404 1673
[0m[33m[08/Mar/2015 22:26:55] "GET /static/assets/img/demo/wf2.jpg HTTP/1.1" 404 1673
[0m[m[08/Mar/2015 22:26:59] "GET /accounts/usercenter/balance/ HTTP/1.1" 200 19874
[0m[33m[08/Mar/2015 22:26:59] "GET /static/img/colors/red/logo_big.png HTTP/1.1" 404 1685
[0m[33m[08/Mar/2015 22:26:59] "GET /static/img/colors/red/logo.png HTTP/1.1" 404 1673
[0m[33m[08/Mar/2015 22:26:59] "GET /static/assets/img/demo/m2.jpg HTTP/1.1" 404 1670
[0m[33m[08/Mar/2015 22:26:59] "GET /static/assets/img/demo/m11.jpg HTTP/1.1" 404 1673
[0m[33m[08/Mar/2015 22:26:59] "GET /static/assets/img/demo/wf2.jpg HTTP/1.1" 404 1673
[0m[33m[08/Mar/2015 22:26:59] "GET /static/assets/img/demo/wf3.jpg HTTP/1.1" 404 1673
[0m[33m[08/Mar/2015 22:26:59] "GET /static/assets/img/demo/wf1.jpg HTTP/1.1" 404 1673
[0m[33m[08/Mar/2015 22:26:59] "GET /static/assets/img/demo/m4.jpg HTTP/1.1" 404 1670
[0m[33m[08/Mar/2015 22:26:59] "GET /static/assets/img/demo/wf4.jpg HTTP/1.1" 404 1673
[0m[32m[08/Mar/2015 22:27:02] "GET /blogs/home/ HTTP/1.1" 302 0
[0m[m[08/Mar/2015 22:27:02] "GET /blogs/1/ HTTP/1.1" 200 43446
[0m[33m[08/Mar/2015 22:27:03] "GET /static/assets/img/demo/m11.jpg HTTP/1.1" 404 1673
[0m[33m[08/Mar/2015 22:27:03] "GET /static/assets/img/demo/7.jpg HTTP/1.1" 404 1667
[0m[33m[08/Mar/2015 22:27:03] "GET /static/assets/img/demo/wf2.jpg HTTP/1.1" 404 1673
[0m[33m[08/Mar/2015 22:27:03] "GET /static/assets/img/demo/wf1.jpg HTTP/1.1" 404 1673
[0m[33m[08/Mar/2015 22:27:03] "GET /static/assets/img/demo/m4.jpg HTTP/1.1" 404 1670
[0m[33m[08/Mar/2015 22:27:03] "GET /static/assets/img/demo/m2.jpg HTTP/1.1" 404 1670
[0m[33m[08/Mar/2015 22:27:03] "GET /static/assets/img/demo/wf4.jpg HTTP/1.1" 404 1673
[0m[33m[08/Mar/2015 22:27:03] "GET /static/assets/img/demo/wf3.jpg HTTP/1.1" 404 1673
[0m[33m[08/Mar/2015 22:27:03] "GET /static/img/colors/red/logo_big.png HTTP/1.1" 404 1685
[0m[33m[08/Mar/2015 22:27:03] "GET /static/img/colors/red/logo.png HTTP/1.1" 404 1673
[0m[m[08/Mar/2015 22:27:03] "GET /blogs/1/favourites.mod HTTP/1.1" 200 3644
[0m[m[08/Mar/2015 22:27:03] "GET /blogs/1/tags.mod HTTP/1.1" 200 52
[0m[m[08/Mar/2015 22:27:03] "GET /blogs/1/categories.mod?e=True HTTP/1.1" 200 5943
[0m[m[08/Mar/2015 22:27:03] "GET /blogs/1/archives.mod HTTP/1.1" 200 187
[0m[m[08/Mar/2015 22:27:03] "GET /blogs/1/recent_comments.mod HTTP/1.1" 200 1464
[0m[33m[08/Mar/2015 22:27:04] "GET /static/assets/img/demo/m2.jpg HTTP/1.1" 404 1670
[0m[33m[08/Mar/2015 22:27:04] "GET /static/assets/img/demo/client.jpg HTTP/1.1" 404 1682
[0m[m[08/Mar/2015 22:27:05] "GET /blogs/text.new/ HTTP/1.1" 200 21163
[0m[33m[08/Mar/2015 22:27:05] "GET /static/assets/img/demo/m2.jpg HTTP/1.1" 404 1670
[0m[33m[08/Mar/2015 22:27:05] "GET /static/assets/img/demo/m4.jpg HTTP/1.1" 404 1670
[0m[33m[08/Mar/2015 22:27:05] "GET /static/assets/img/demo/m11.jpg HTTP/1.1" 404 1673
[0m[33m[08/Mar/2015 22:27:05] "GET /static/assets/img/demo/wf2.jpg HTTP/1.1" 404 1673
[0m[33m[08/Mar/2015 22:27:05] "GET /static/assets/img/demo/wf1.jpg HTTP/1.1" 404 1673
[0m[m[08/Mar/2015 22:27:05] "GET /static/js/bootstrap-wysiwyg.js HTTP/1.1" 200 6455
[0m[33m[08/Mar/2015 22:27:05] "GET /static/assets/img/demo/wf3.jpg HTTP/1.1" 404 1673
[0m[33m[08/Mar/2015 22:27:05] "GET /static/assets/img/demo/wf4.jpg HTTP/1.1" 404 1673
[0m[m[08/Mar/2015 22:27:05] "GET /static/js/jquery.hotkeys.js HTTP/1.1" 200 3283
[0m[33m[08/Mar/2015 22:27:05] "GET /static/img/colors/red/logo_big.png HTTP/1.1" 404 1685
[0m[33m[08/Mar/2015 22:27:05] "GET /static/img/colors/red/logo.png HTTP/1.1" 404 1673
[0m[33m[08/Mar/2015 22:27:06] "GET /static/assets/img/demo/m11.jpg HTTP/1.1" 404 1673
[0m[33m[08/Mar/2015 22:27:06] "GET /static/assets/img/demo/m4.jpg HTTP/1.1" 404 1670
[0m[33m[08/Mar/2015 22:27:06] "GET /static/assets/img/demo/wf1.jpg HTTP/1.1" 404 1673
[0m[33m[08/Mar/2015 22:27:06] "GET /static/assets/img/demo/m2.jpg HTTP/1.1" 404 1670
[0m[33m[08/Mar/2015 22:27:06] "GET /static/assets/img/demo/wf4.jpg HTTP/1.1" 404 1673
[0m[33m[08/Mar/2015 22:27:06] "GET /static/assets/img/demo/wf2.jpg HTTP/1.1" 404 1673
[0m[33m[08/Mar/2015 22:27:06] "GET /static/assets/img/demo/wf3.jpg HTTP/1.1" 404 1673
[0m[33m[08/Mar/2015 22:27:10] "GET /static/assets/img/demo/m2.jpg HTTP/1.1" 404 1670
[0m[33m[08/Mar/2015 22:27:10] "GET /static/assets/img/demo/client.jpg HTTP/1.1" 404 1682
[0m[m[08/Mar/2015 22:27:15] "GET /blogs/1/tag.test/ HTTP/1.1" 200 19540
[0m[33m[08/Mar/2015 22:27:15] "GET /static/assets/img/demo/m11.jpg HTTP/1.1" 404 1673
[0m[33m[08/Mar/2015 22:27:15] "GET /static/assets/img/demo/m4.jpg HTTP/1.1" 404 1670
[0m[33m[08/Mar/2015 22:27:15] "GET /static/assets/img/demo/m2.jpg HTTP/1.1" 404 1670
[0m[33m[08/Mar/2015 22:27:15] "GET /static/assets/img/demo/wf1.jpg HTTP/1.1" 404 1673
[0m[33m[08/Mar/2015 22:27:15] "GET /static/assets/img/demo/wf3.jpg HTTP/1.1" 404 1673
[0m[33m[08/Mar/2015 22:27:15] "GET /static/assets/img/demo/wf2.jpg HTTP/1.1" 404 1673
[0m[33m[08/Mar/2015 22:27:15] "GET /static/img/colors/red/logo_big.png HTTP/1.1" 404 1685
[0m[33m[08/Mar/2015 22:27:15] "GET /static/assets/img/demo/wf4.jpg HTTP/1.1" 404 1673
[0m[33m[08/Mar/2015 22:27:15] "GET /static/img/colors/red/logo.png HTTP/1.1" 404 1673
[0m[m[08/Mar/2015 22:27:15] "GET /blogs/1/categories.mod?e= HTTP/1.1" 200 405
[0m[m[08/Mar/2015 22:27:15] "GET /blogs/1/archives.mod HTTP/1.1" 200 187
[0m[m[08/Mar/2015 22:27:15] "GET /blogs/1/tags.mod HTTP/1.1" 200 52
[0m[m[08/Mar/2015 22:27:16] "GET /blogs/1/favourites.mod HTTP/1.1" 200 3644
[0m[m[08/Mar/2015 22:27:16] "GET /blogs/1/recent_comments.mod HTTP/1.1" 200 1464
[0m[33m[08/Mar/2015 22:27:16] "GET /static/assets/img/demo/m2.jpg HTTP/1.1" 404 1670
[0m[33m[08/Mar/2015 22:27:16] "GET /static/assets/img/demo/client.jpg HTTP/1.1" 404 1682
[0m[m[08/Mar/2015 22:27:19] "GET /blogs/text.22/ HTTP/1.1" 200 24466
[0m[33m[08/Mar/2015 22:27:19] "GET /static/assets/img/demo/wf1.jpg HTTP/1.1" 404 1673
[0m[33m[08/Mar/2015 22:27:19] "GET /static/assets/img/demo/m4.jpg HTTP/1.1" 404 1670
[0m[33m[08/Mar/2015 22:27:19] "GET /static/assets/img/demo/m11.jpg HTTP/1.1" 404 1673
[0m[33m[08/Mar/2015 22:27:19] "GET /static/assets/img/demo/m2.jpg HTTP/1.1" 404 1670
[0m[33m[08/Mar/2015 22:27:19] "GET /static/assets/img/demo/wf2.jpg HTTP/1.1" 404 1673
[0m[33m[08/Mar/2015 22:27:19] "GET /static/assets/img/demo/wf4.jpg HTTP/1.1" 404 1673
[0m[33m[08/Mar/2015 22:27:19] "GET /static/assets/img/demo/wf3.jpg HTTP/1.1" 404 1673
[0m[33m[08/Mar/2015 22:27:19] "GET /static/img/colors/red/logo.png HTTP/1.1" 404 1673
[0m[33m[08/Mar/2015 22:27:19] "GET /static/img/colors/red/logo_big.png HTTP/1.1" 404 1685
[0m[m[08/Mar/2015 22:27:19] "GET /blogs/1/archives.mod HTTP/1.1" 200 187
[0m[m[08/Mar/2015 22:27:19] "GET /blogs/1/favourites.mod HTTP/1.1" 200 3650
[0m[m[08/Mar/2015 22:27:19] "GET /blogs/1/tags.mod HTTP/1.1" 200 52
[0m[m[08/Mar/2015 22:27:19] "GET /blogs/1/categories.mod?e=True HTTP/1.1" 200 5943
[0m[m[08/Mar/2015 22:27:19] "GET /blogs/1/recent_comments.mod HTTP/1.1" 200 1464
[0m[33m[08/Mar/2015 22:27:20] "GET /static/assets/img/demo/m2.jpg HTTP/1.1" 404 1670
[0m[33m[08/Mar/2015 22:27:20] "GET /static/assets/img/demo/client.jpg HTTP/1.1" 404 1682
[0m[m[08/Mar/2015 22:27:21] "GET /blogs/text.22/edit/ HTTP/1.1" 200 14724
[0m[33m[08/Mar/2015 22:27:21] "GET /static/assets/img/demo/m2.jpg HTTP/1.1" 404 1670
[0m[33m[08/Mar/2015 22:27:21] "GET /static/assets/img/demo/m11.jpg HTTP/1.1" 404 1673
[0m[33m[08/Mar/2015 22:27:21] "GET /static/assets/img/demo/wf1.jpg HTTP/1.1" 404 1673
[0m[33m[08/Mar/2015 22:27:21] "GET /static/assets/img/demo/m4.jpg HTTP/1.1" 404 1670
[0m[33m[08/Mar/2015 22:27:21] "GET /static/assets/img/demo/wf3.jpg HTTP/1.1" 404 1673
[0m[33m[08/Mar/2015 22:27:21] "GET /static/assets/img/demo/wf2.jpg HTTP/1.1" 404 1673
[0m[33m[08/Mar/2015 22:27:21] "GET /static/img/colors/red/logo.png HTTP/1.1" 404 1673
[0m[33m[08/Mar/2015 22:27:21] "GET /static/assets/img/demo/wf4.jpg HTTP/1.1" 404 1673
[0m[33m[08/Mar/2015 22:27:21] "GET /static/img/colors/red/logo_big.png HTTP/1.1" 404 1685
[0m[m[08/Mar/2015 22:27:25] "GET /index/ HTTP/1.1" 200 22014
[0m[33m[08/Mar/2015 22:27:25] "GET /static/assets/img/demo/m11.jpg HTTP/1.1" 404 1673
[0m[33m[08/Mar/2015 22:27:25] "GET /static/assets/img/logo_raw_white.png HTTP/1.1" 404 1691
[0m[33m[08/Mar/2015 22:27:25] "GET /static/assets/img/demo/wf2.jpg HTTP/1.1" 404 1673
[0m[33m[08/Mar/2015 22:27:25] "GET /static/assets/img/demo/m4.jpg HTTP/1.1" 404 1670
[0m[33m[08/Mar/2015 22:27:25] "GET /static/assets/img/demo/wf1.jpg HTTP/1.1" 404 1673
[0m[33m[08/Mar/2015 22:27:25] "GET /static/assets/img/demo/m2.jpg HTTP/1.1" 404 1670
[0m[33m[08/Mar/2015 22:27:25] "GET /static/assets/img/demo/wf3.jpg HTTP/1.1" 404 1673
[0m[33m[08/Mar/2015 22:27:25] "GET /static/img/colors/red/logo_big.png HTTP/1.1" 404 1685
[0m[33m[08/Mar/2015 22:27:25] "GET /static/assets/img/demo/wf4.jpg HTTP/1.1" 404 1673
[0m[33m[08/Mar/2015 22:27:25] "GET /static/img/colors/red/logo.png HTTP/1.1" 404 1673
[0m